<html>
<head>
<title>TestNG:  Cart-CH</title>
<link href="../testng.css" rel="stylesheet" type="text/css" />
<link href="../my-testng.css" rel="stylesheet" type="text/css" />

<style type="text/css">
.log { display: none;} 
.stack-trace { display: none;} 
</style>
<script type="text/javascript">
<!--
function flip(e) {
  current = e.style.display;
  if (current == 'block') {
    e.style.display = 'none';
    return 0;
  }
  else {
    e.style.display = 'block';
    return 1;
  }
}

function toggleBox(szDivId, elem, msg1, msg2)
{
  var res = -1;  if (document.getElementById) {
    res = flip(document.getElementById(szDivId));
  }
  else if (document.all) {
    // this is the way old msie versions work
    res = flip(document.all[szDivId]);
  }
  if(elem) {
    if(res == 0) elem.innerHTML = msg1; else elem.innerHTML = msg2;
  }

}

function toggleAllBoxes() {
  if (document.getElementsByTagName) {
    d = document.getElementsByTagName('div');
    for (i = 0; i < d.length; i++) {
      if (d[i].className == 'log') {
        flip(d[i]);
      }
    }
  }
}

// -->
</script>

</head>
<body>
<h2 align='center'>Cart-CH</h2><table border='1' align="center">
<tr>
<td>Tests passed/Failed/Skipped:</td><td>7/2/0</td>
</tr><tr>
<td>Started on:</td><td>Thu Jul 11 16:10:21 IST 2019</td>
</tr>
<tr><td>Total time:</td><td>715 seconds (715843 ms)</td>
</tr><tr>
<td>Included groups:</td><td></td>
</tr><tr>
<td>Excluded groups:</td><td></td>
</tr>
</table><p/>
<small><i>(Hover the method name to see the test class name)</i></small><p/>
<table width='100%' border='1' class='invocation-failed'>
<tr><td colspan='4' align='center'><b>FAILED TESTS</b></td></tr>
<tr><td><b>Test method</b></td>
<td width="30%"><b>Exception</b></td>
<td width="10%"><b>Time (seconds)</b></td>
<td><b>Instance</b></td>
</tr>
<tr>
<td title='testcase.Wishlist.WishlisttocartUsingExpress()'><b>WishlisttocartUsingExpress</b><br>Test class: testcase.Wishlist<br/>
<a href="#Output-32206364" onClick='toggleBox("Output-32206364", this, "Show output", "Hide output");'>Show output</a>

<a href="#Output-32206364" onClick="toggleAllBoxes();">Show all outputs</a>
<div class='log' id="Output-32206364">
Redirecting to home page<br/>
Searching forBags<br/>
Waiting for Category page to Load<br/>
Total Products found 84<br/>
Clicked on product ID353398<br/>
Waiting for Item Detail page to Load<br/>
add product to wishlist<br/>
Redirecting to sig in page<br/>
log in as user by providing email and password<br/>
choose personal wishlist<br/>
click on wishlist button on header<br/>
Total Products found 9<br/>
add item to bag from wishlist page<br/>
redirecting to cart page<br/>
check out the product<br/>
enter user sign in details<br/>
redirecting to shipping page<br/>
</div>
</td>
<td><div><pre>org.openqa.selenium.TimeoutException: Expected condition failed: waiting for element to be clickable: By.className: useaddress (tried for 10 second(s) with 500 milliseconds interval)
	at org.openqa.selenium.support.ui.WebDriverWait.timeoutException(WebDriverWait.java:95)
	at org.openqa.selenium.support.ui.FluentWait.until(FluentWait.java:272)
	at com.novica.base.BasePageObject.waitFor(BasePageObject.java:164)
	at com.novica.base.BasePageObject.waitForClickabilityOf(BasePageObject.java:150)
	at com.novica.pages.PaymentPage.clickSameAddess(PaymentPage.java:83)
	at testcase.Wishlist.WishlisttocartUsingExpress(Wishlist.java:121)
Caused by: org.openqa.selenium.NoSuchElementException: no such element: Unable to locate element: {&quot;method&quot;:&quot;class name&quot;,&quot;selector&quot;:&quot;useaddress&quot;}
  (Session info: chrome=75.0.3770.100)
  (Driver info: chromedriver=2.46.628402 (536cd7adbad73a3783fdc2cab92ab2ba7ec361e1),platform=Windows NT 10.0.17134 x86_64) (WARNING: The server did not provide any stacktrace information)
Command duration or timeout: 0 milliseconds
For documentation on this error, please visit: https://www.seleniumhq.org/exceptions/no_such_element.html
Build info: version: &apos;3.141.59&apos;, revision: &apos;e82be7d358&apos;, time: &apos;2018-11-14T08:17:03&apos;
System info: host: &apos;DESKTOP-NBJ195T&apos;, ip: &apos;192.168.1.82&apos;, os.name: &apos;Windows 10&apos;, os.arch: &apos;amd64&apos;, os.version: &apos;10.0&apos;, java.version: &apos;1.8.0_201&apos;
Driver info: org.openqa.selenium.chrome.ChromeDriver
Capabilities {acceptInsecureCerts: false, acceptSslCerts: false, applicationCacheEnabled: false, browserConnectionEnabled: false, browserName: chrome, chrome: {chromedriverVersion: 2.46.628402 (536cd7adbad73a..., userDataDir: C:\Users\Gigi\AppData\Local...}, cssSelectorsEnabled: true, databaseEnabled: false, goog:chromeOptions: {debuggerAddress: localhost:62159}, handlesAlerts: true, hasTouchScreen: false, javascriptEnabled: true, locationContextEnabled: true, mobileEmulationEnabled: false, nativeEvents: true, networkConnectionEnabled: false, pageLoadStrategy: normal, platform: XP, platformName: XP, proxy: Proxy(), rotatable: false, setWindowRect: true, strictFileInteractability: false, takesHeapSnapshot: true, takesScreenshot: true, timeouts: {implicit: 0, pageLoad: 300000, script: 30000}, unexpectedAlertBehaviour: ignore, unhandledPromptBehavior: ignore, version: 75.0.3770.100, webStorageEnabled: true}
Session ID: 7a448372c3ee98168b0c21a5d9a794e1
*** Element info: {Using=class name, value=useaddress}
	at org.openqa.selenium.remote.ErrorHandler.createThrowable(ErrorHandler.java:214)
	at org.openqa.selenium.remote.ErrorHandler.throwIfResponseFailed(ErrorHandler.java:166)
	at org.openqa.selenium.remote.http.JsonHttpResponseCodec.reconstructValue(JsonHttpResponseCodec.java:40)
	at org.openqa.selenium.remote.http.AbstractHttpResponseCodec.decode(AbstractHttpResponseCodec.java:80)
	at org.openqa.selenium.remote.http.AbstractHttpResponseCodec.decode(AbstractHttpResponseCodec.java:44)
	at org.openqa.selenium.remote.HttpCommandExecutor.execute(HttpCommandExecutor.java:158)
	at org.openqa.selenium.remote.service.DriverCommandExecutor.execute(DriverCommandExecutor.java:83)
	at org.openqa.selenium.remote.RemoteWebDriver.execute(RemoteWebDriver.java:552)
	at org.openqa.selenium.remote.RemoteWebDriver.findElement(RemoteWebDriver.java:323)
	at org.openqa.selenium.remote.RemoteWebDriver.findElementByClassName(RemoteWebDriver.java:412)
	at org.openqa.selenium.By$ByClassName.findElement(By.java:389)
	at org.openqa.selenium.remote.RemoteWebDriver.findElement(RemoteWebDriver.java:315)
	at org.openqa.selenium.support.ui.ExpectedConditions$7.apply(ExpectedConditions.java:205)
	at org.openqa.selenium.support.ui.ExpectedConditions$7.apply(ExpectedConditions.java:201)
	at org.openqa.selenium.support.ui.ExpectedConditions$22.apply(ExpectedConditions.java:641)
	at org.openqa.selenium.support.ui.ExpectedConditions$22.apply(ExpectedConditions.java:638)
	at org.openqa.selenium.support.ui.FluentWait.until(FluentWait.java:249)
	... 28 more
... Removed 27 stack frames</pre></div><a href='#' onClick='toggleBox("stack-trace32206364", this, "Click to show all stack frames", "Click to hide stack frames")'>Click to show all stack frames</a>
<div class='stack-trace' id='stack-trace32206364'><pre>org.openqa.selenium.TimeoutException: Expected condition failed: waiting for element to be clickable: By.className: useaddress (tried for 10 second(s) with 500 milliseconds interval)
	at org.openqa.selenium.support.ui.WebDriverWait.timeoutException(WebDriverWait.java:95)
	at org.openqa.selenium.support.ui.FluentWait.until(FluentWait.java:272)
	at com.novica.base.BasePageObject.waitFor(BasePageObject.java:164)
	at com.novica.base.BasePageObject.waitForClickabilityOf(BasePageObject.java:150)
	at com.novica.pages.PaymentPage.clickSameAddess(PaymentPage.java:83)
	at testcase.Wishlist.WishlisttocartUsingExpress(Wishlist.java:121)
	at sun.reflect.NativeMethodAccessorImpl.invoke0(Native Method)
	at sun.reflect.NativeMethodAccessorImpl.invoke(Unknown Source)
	at sun.reflect.DelegatingMethodAccessorImpl.invoke(Unknown Source)
	at java.lang.reflect.Method.invoke(Unknown Source)
	at org.testng.internal.MethodInvocationHelper.invokeMethod(MethodInvocationHelper.java:80)
	at org.testng.internal.Invoker.invokeMethod(Invoker.java:714)
	at org.testng.internal.Invoker.invokeTestMethod(Invoker.java:901)
	at org.testng.internal.Invoker.invokeTestMethods(Invoker.java:1231)
	at org.testng.internal.TestMethodWorker.invokeTestMethods(TestMethodWorker.java:127)
	at org.testng.internal.TestMethodWorker.run(TestMethodWorker.java:111)
	at org.testng.TestRunner.privateRun(TestRunner.java:767)
	at org.testng.TestRunner.run(TestRunner.java:617)
	at org.testng.SuiteRunner.runTest(SuiteRunner.java:334)
	at org.testng.SuiteRunner.runSequentially(SuiteRunner.java:329)
	at org.testng.SuiteRunner.privateRun(SuiteRunner.java:291)
	at org.testng.SuiteRunner.run(SuiteRunner.java:240)
	at org.testng.SuiteRunnerWorker.runSuite(SuiteRunnerWorker.java:52)
	at org.testng.SuiteRunnerWorker.run(SuiteRunnerWorker.java:86)
	at org.testng.TestNG.runSuitesSequentially(TestNG.java:1198)
	at org.testng.TestNG.runSuitesLocally(TestNG.java:1123)
	at org.testng.TestNG.run(TestNG.java:1031)
	at org.testng.remote.AbstractRemoteTestNG.run(AbstractRemoteTestNG.java:114)
	at org.testng.remote.RemoteTestNG.initAndRun(RemoteTestNG.java:251)
	at org.testng.remote.RemoteTestNG.main(RemoteTestNG.java:77)
Caused by: org.openqa.selenium.NoSuchElementException: no such element: Unable to locate element: {&quot;method&quot;:&quot;class name&quot;,&quot;selector&quot;:&quot;useaddress&quot;}
  (Session info: chrome=75.0.3770.100)
  (Driver info: chromedriver=2.46.628402 (536cd7adbad73a3783fdc2cab92ab2ba7ec361e1),platform=Windows NT 10.0.17134 x86_64) (WARNING: The server did not provide any stacktrace information)
Command duration or timeout: 0 milliseconds
For documentation on this error, please visit: https://www.seleniumhq.org/exceptions/no_such_element.html
Build info: version: &apos;3.141.59&apos;, revision: &apos;e82be7d358&apos;, time: &apos;2018-11-14T08:17:03&apos;
System info: host: &apos;DESKTOP-NBJ195T&apos;, ip: &apos;192.168.1.82&apos;, os.name: &apos;Windows 10&apos;, os.arch: &apos;amd64&apos;, os.version: &apos;10.0&apos;, java.version: &apos;1.8.0_201&apos;
Driver info: org.openqa.selenium.chrome.ChromeDriver
Capabilities {acceptInsecureCerts: false, acceptSslCerts: false, applicationCacheEnabled: false, browserConnectionEnabled: false, browserName: chrome, chrome: {chromedriverVersion: 2.46.628402 (536cd7adbad73a..., userDataDir: C:\Users\Gigi\AppData\Local...}, cssSelectorsEnabled: true, databaseEnabled: false, goog:chromeOptions: {debuggerAddress: localhost:62159}, handlesAlerts: true, hasTouchScreen: false, javascriptEnabled: true, locationContextEnabled: true, mobileEmulationEnabled: false, nativeEvents: true, networkConnectionEnabled: false, pageLoadStrategy: normal, platform: XP, platformName: XP, proxy: Proxy(), rotatable: false, setWindowRect: true, strictFileInteractability: false, takesHeapSnapshot: true, takesScreenshot: true, timeouts: {implicit: 0, pageLoad: 300000, script: 30000}, unexpectedAlertBehaviour: ignore, unhandledPromptBehavior: ignore, version: 75.0.3770.100, webStorageEnabled: true}
Session ID: 7a448372c3ee98168b0c21a5d9a794e1
*** Element info: {Using=class name, value=useaddress}
	at sun.reflect.GeneratedConstructorAccessor14.newInstance(Unknown Source)
	at sun.reflect.DelegatingConstructorAccessorImpl.newInstance(Unknown Source)
	at java.lang.reflect.Constructor.newInstance(Unknown Source)
	at org.openqa.selenium.remote.ErrorHandler.createThrowable(ErrorHandler.java:214)
	at org.openqa.selenium.remote.ErrorHandler.throwIfResponseFailed(ErrorHandler.java:166)
	at org.openqa.selenium.remote.http.JsonHttpResponseCodec.reconstructValue(JsonHttpResponseCodec.java:40)
	at org.openqa.selenium.remote.http.AbstractHttpResponseCodec.decode(AbstractHttpResponseCodec.java:80)
	at org.openqa.selenium.remote.http.AbstractHttpResponseCodec.decode(AbstractHttpResponseCodec.java:44)
	at org.openqa.selenium.remote.HttpCommandExecutor.execute(HttpCommandExecutor.java:158)
	at org.openqa.selenium.remote.service.DriverCommandExecutor.execute(DriverCommandExecutor.java:83)
	at org.openqa.selenium.remote.RemoteWebDriver.execute(RemoteWebDriver.java:552)
	at org.openqa.selenium.remote.RemoteWebDriver.findElement(RemoteWebDriver.java:323)
	at org.openqa.selenium.remote.RemoteWebDriver.findElementByClassName(RemoteWebDriver.java:412)
	at org.openqa.selenium.By$ByClassName.findElement(By.java:389)
	at org.openqa.selenium.remote.RemoteWebDriver.findElement(RemoteWebDriver.java:315)
	at org.openqa.selenium.support.ui.ExpectedConditions$7.apply(ExpectedConditions.java:205)
	at org.openqa.selenium.support.ui.ExpectedConditions$7.apply(ExpectedConditions.java:201)
	at org.openqa.selenium.support.ui.ExpectedConditions$22.apply(ExpectedConditions.java:641)
	at org.openqa.selenium.support.ui.ExpectedConditions$22.apply(ExpectedConditions.java:638)
	at org.openqa.selenium.support.ui.FluentWait.until(FluentWait.java:249)
	... 28 more
</pre></div></td>
<td>160</td>
<td>testcase.Wishlist@548a9f61</td></tr>
</table><p>
<table width='100%' border='1' class='invocation-passed'>
<tr><td colspan='4' align='center'><b>PASSED TESTS</b></td></tr>
<tr><td><b>Test method</b></td>
<td width="30%"><b>Exception</b></td>
<td width="10%"><b>Time (seconds)</b></td>
<td><b>Instance</b></td>
</tr>
<tr>
<td title='testcase.SignUpLogin.LoginNovica()'><b>LoginNovica</b><br>Test class: testcase.SignUpLogin<br/>
<a href="#Output-214187874" onClick='toggleBox("Output-214187874", this, "Show output", "Hide output");'>Show output</a>

<a href="#Output-214187874" onClick="toggleAllBoxes();">Show all outputs</a>
<div class='log' id="Output-214187874">
Redirecting to home page<br/>
Redirecting to sig in page<br/>
log in as user by providing email and password<br/>
</div>
</td>
<td></td>
<td>55</td>
<td>testcase.SignUpLogin@7c16905e</td></tr>
<tr>
<td title='testcase.CriticalPathFlow.crticalPathFlowUsingNewAddress()'><b>crticalPathFlowUsingNewAddress</b><br>Test class: testcase.CriticalPathFlow<br>Parameters: 1<br/>
<a href="#Output-446445803" onClick='toggleBox("Output-446445803", this, "Show output", "Hide output");'>Show output</a>

<a href="#Output-446445803" onClick="toggleAllBoxes();">Show all outputs</a>
<div class='log' id="Output-446445803">
Loading Homepage<br/>
Searched forBlue<br/>
Waiting for C3 to load<br/>
Total Products found 84<br/>
Clicked on product ID315962<br/>
to get the product prize<br/>
Added product with 315962to cart<br/>
Redirecting to cart page with price39.99<br/>
to get the actual cart price<br/>
check put the product<br/>
Login as a user<br/>
Input new shipping address<br/>
Redirecting to home page<br/>
Apply promocode<br/>
choose donation<br/>
Give card details<br/>
Redirection to confirmation page<br/>
</div>
</td>
<td></td>
<td>128</td>
<td>testcase.CriticalPathFlow@6d00a15d</td></tr>
<tr>
<td title='testcase.SignUpLogin.forgetPassword()'><b>forgetPassword</b><br>Test class: testcase.SignUpLogin<br/>
<a href="#Output-790487766" onClick='toggleBox("Output-790487766", this, "Show output", "Hide output");'>Show output</a>

<a href="#Output-790487766" onClick="toggleAllBoxes();">Show all outputs</a>
<div class='log' id="Output-790487766">
Redirecting to home page<br/>
Redirecting to sig in page<br/>
to perform forgot password function<br/>
</div>
</td>
<td></td>
<td>51</td>
<td>testcase.SignUpLogin@7c16905e</td></tr>
<tr>
<td title='testcase.CriticalPathFlow.removeAddress()'><b>removeAddress</b><br>Test class: testcase.CriticalPathFlow<br/>
<a href="#Output-828088650" onClick='toggleBox("Output-828088650", this, "Show output", "Hide output");'>Show output</a>

<a href="#Output-828088650" onClick="toggleAllBoxes();">Show all outputs</a>
<div class='log' id="Output-828088650">
Redirecting to sig in page<br/>
log in as user by providing email and password<br/>
</div>
</td>
<td></td>
<td>82</td>
<td>testcase.CriticalPathFlow@6d00a15d</td></tr>
<tr>
<td title='testcase.Wishlist.removeWishlist()'><b>removeWishlist</b><br>Test class: testcase.Wishlist<br/>
<a href="#Output-1880052106" onClick='toggleBox("Output-1880052106", this, "Show output", "Hide output");'>Show output</a>

<a href="#Output-1880052106" onClick="toggleAllBoxes();">Show all outputs</a>
<div class='log' id="Output-1880052106">
Redirecting to home page<br/>
click on the header wishlist button<br/>
Redirecting to sig in page<br/>
log in as user by providing email and password<br/>
remove 2nd product from the wishlist page<br/>
</div>
</td>
<td></td>
<td>57</td>
<td>testcase.Wishlist@548a9f61</td></tr>
<tr>
<td title='testcase.SignUpLogin.userSignup()'><b>userSignup</b><br>Test class: testcase.SignUpLogin<br/>
<a href="#Output-1151704483" onClick='toggleBox("Output-1151704483", this, "Show output", "Hide output");'>Show output</a>

<a href="#Output-1151704483" onClick="toggleAllBoxes();">Show all outputs</a>
<div class='log' id="Output-1151704483">
Redirecting to home page<br/>
Redirecting to sig in page<br/>
Sign up as new user<br/>
</div>
</td>
<td></td>
<td>61</td>
<td>testcase.SignUpLogin@7c16905e</td></tr>
<tr>
<td title='testcase.Wishlist.wishlistProduct()'><b>wishlistProduct</b><br>Test class: testcase.Wishlist<br/>
<a href="#Output-1160106451" onClick='toggleBox("Output-1160106451", this, "Show output", "Hide output");'>Show output</a>

<a href="#Output-1160106451" onClick="toggleAllBoxes();">Show all outputs</a>
<div class='log' id="Output-1160106451">
Redirecting to home page<br/>
click on the header wishlist button<br/>
Redirecting to sig in page<br/>
log in as user by providing email and password<br/>
Total Products found 8<br/>
click on random product in the wishlist itemlist<br/>
</div>
</td>
<td></td>
<td>81</td>
<td>testcase.Wishlist@548a9f61</td></tr>
</table><p>
<table width='100%' border='1' class='invocation-skipped'>
<tr><td colspan='4' align='center'><b>SKIPPED TESTS</b></td></tr>
<tr><td><b>Test method</b></td>
<td width="30%"><b>Exception</b></td>
<td width="10%"><b>Time (seconds)</b></td>
<td><b>Instance</b></td>
</tr>
<tr>
<td title='testcase.CriticalPathFlow.crticalPathSameAddress()'><b>crticalPathSameAddress</b><br>Test class: testcase.CriticalPathFlow</td>
<td><div><pre>org.testng.TestNGException: 
Method crticalPathSameAddress requires 1 parameters but 0 were supplied in the @Test annotation.
... Removed 23 stack frames</pre></div><a href='#' onClick='toggleBox("stack-trace1765350920", this, "Click to show all stack frames", "Click to hide stack frames")'>Click to show all stack frames</a>
<div class='stack-trace' id='stack-trace1765350920'><pre>org.testng.TestNGException: 
Method crticalPathSameAddress requires 1 parameters but 0 were supplied in the @Test annotation.
	at org.testng.internal.Parameters.checkParameterTypes(Parameters.java:198)
	at org.testng.internal.Parameters.createParameters(Parameters.java:134)
	at org.testng.internal.Parameters.createParameters(Parameters.java:370)
	at org.testng.internal.Parameters.handleParameters(Parameters.java:447)
	at org.testng.internal.Invoker.handleParameters(Invoker.java:1383)
	at org.testng.internal.Invoker.createParameters(Invoker.java:1075)
	at org.testng.internal.Invoker.invokeTestMethods(Invoker.java:1180)
	at org.testng.internal.TestMethodWorker.invokeTestMethods(TestMethodWorker.java:127)
	at org.testng.internal.TestMethodWorker.run(TestMethodWorker.java:111)
	at org.testng.TestRunner.privateRun(TestRunner.java:767)
	at org.testng.TestRunner.run(TestRunner.java:617)
	at org.testng.SuiteRunner.runTest(SuiteRunner.java:334)
	at org.testng.SuiteRunner.runSequentially(SuiteRunner.java:329)
	at org.testng.SuiteRunner.privateRun(SuiteRunner.java:291)
	at org.testng.SuiteRunner.run(SuiteRunner.java:240)
	at org.testng.SuiteRunnerWorker.runSuite(SuiteRunnerWorker.java:52)
	at org.testng.SuiteRunnerWorker.run(SuiteRunnerWorker.java:86)
	at org.testng.TestNG.runSuitesSequentially(TestNG.java:1198)
	at org.testng.TestNG.runSuitesLocally(TestNG.java:1123)
	at org.testng.TestNG.run(TestNG.java:1031)
	at org.testng.remote.AbstractRemoteTestNG.run(AbstractRemoteTestNG.java:114)
	at org.testng.remote.RemoteTestNG.initAndRun(RemoteTestNG.java:251)
	at org.testng.remote.RemoteTestNG.main(RemoteTestNG.java:77)
</pre></div></td>
<td>0</td>
<td>testcase.CriticalPathFlow@6d00a15d</td></tr>
</table><p>
</body>
</html>