<?xml version="1.0" encoding="UTF-8"?>
<!-- Generated by org.testng.reporters.JUnitXMLReporter -->
<testsuite hostname="DESKTOP-NBJ195T" name="Cart-CH" tests="23" failures="1" timestamp="8 Jul 2019 05:38:46 GMT" time="1744.648" errors="0">
  <testcase name="searchProduct" time="217.966" classname="testcase.Homepage"/>
  <testcase name="headerMenu" time="98.121" classname="testcase.Homepage"/>
  <testcase name="LoginUnicefUS" time="31.195" classname="testcase.SignUpLogin"/>
  <testcase name="forgetPassword" time="32.029" classname="testcase.SignUpLogin"/>
  <testcase name="userSignup" time="35.438" classname="testcase.SignUpLogin"/>
  <testcase name="typeandsearch" time="91.769" classname="testcase.CriticalPathFlow"/>
  <testcase name="wishlistProduct" time="32.795" classname="testcase.Wishlist"/>
  <testcase name="WishlisttocartUsingGuest" time="107.724" classname="testcase.Wishlist"/>
  <testcase name="WishlisttocartDiffShipAddress" time="104.296" classname="testcase.Wishlist"/>
  <testcase name="WishlisttocartUsingExpress" time="104.579" classname="testcase.Wishlist"/>
  <testcase name="removeWishlist" time="34.733" classname="testcase.Wishlist"/>
  <testcase name="viewProductWishlist" time="31.233" classname="testcase.Wishlist">
    <failure type="org.openqa.selenium.NoSuchElementException" message="no such element: Unable to locate element: {&amp;quot;method&amp;quot;:&amp;quot;xpath&amp;quot;,&amp;quot;selector&amp;quot;:&amp;quot;//*[@id=&amp;apos;shop&amp;apos;]/div[2]/div[2]/div[5]/div/div/div[2]/div/div/a[2]&amp;quot;}
  (Session info: chrome=75.0.3770.100)
  (Driver info: chromedriver=2.46.628402 (536cd7adbad73a3783fdc2cab92ab2ba7ec361e1),platform=Windows NT 10.0.17134 x86_64) (WARNING: The server did not provide any stacktrace information)
Command duration or timeout: 0 milliseconds
For documentation on this error, please visit: https://www.seleniumhq.org/exceptions/no_such_element.html
Build info: version: &amp;apos;3.141.59&amp;apos;, revision: &amp;apos;e82be7d358&amp;apos;, time: &amp;apos;2018-11-14T08:17:03&amp;apos;
System info: host: &amp;apos;DESKTOP-NBJ195T&amp;apos;, ip: &amp;apos;192.168.1.82&amp;apos;, os.name: &amp;apos;Windows 10&amp;apos;, os.arch: &amp;apos;amd64&amp;apos;, os.version: &amp;apos;10.0&amp;apos;, java.version: &amp;apos;1.8.0_201&amp;apos;
Driver info: org.openqa.selenium.chrome.ChromeDriver
Capabilities {acceptInsecureCerts: false, acceptSslCerts: false, applicationCacheEnabled: false, browserConnectionEnabled: false, browserName: chrome, chrome: {chromedriverVersion: 2.46.628402 (536cd7adbad73a..., userDataDir: C:\Users\Gigi\AppData\Local...}, cssSelectorsEnabled: true, databaseEnabled: false, goog:chromeOptions: {debuggerAddress: localhost:51828}, handlesAlerts: true, hasTouchScreen: false, javascriptEnabled: true, locationContextEnabled: true, mobileEmulationEnabled: false, nativeEvents: true, networkConnectionEnabled: false, pageLoadStrategy: normal, platform: XP, platformName: XP, proxy: Proxy(), rotatable: false, setWindowRect: true, strictFileInteractability: false, takesHeapSnapshot: true, takesScreenshot: true, timeouts: {implicit: 0, pageLoad: 300000, script: 30000}, unexpectedAlertBehaviour: ignore, unhandledPromptBehavior: ignore, version: 75.0.3770.100, webStorageEnabled: true}
Session ID: e8929aed3ca4970147099f75a7bedf03
*** Element info: {Using=xpath, value=//*[@id=&amp;apos;shop&amp;apos;]/div[2]/div[2]/div[5]/div/div/div[2]/div/div/a[2]}">
      <![CDATA[org.openqa.selenium.NoSuchElementException: no such element: Unable to locate element: {"method":"xpath","selector":"//*[@id='shop']/div[2]/div[2]/div[5]/div/div/div[2]/div/div/a[2]"}
  (Session info: chrome=75.0.3770.100)
  (Driver info: chromedriver=2.46.628402 (536cd7adbad73a3783fdc2cab92ab2ba7ec361e1),platform=Windows NT 10.0.17134 x86_64) (WARNING: The server did not provide any stacktrace information)
Command duration or timeout: 0 milliseconds
For documentation on this error, please visit: https://www.seleniumhq.org/exceptions/no_such_element.html
Build info: version: '3.141.59', revision: 'e82be7d358', time: '2018-11-14T08:17:03'
System info: host: 'DESKTOP-NBJ195T', ip: '192.168.1.82', os.name: 'Windows 10', os.arch: 'amd64', os.version: '10.0', java.version: '1.8.0_201'
Driver info: org.openqa.selenium.chrome.ChromeDriver
Capabilities {acceptInsecureCerts: false, acceptSslCerts: false, applicationCacheEnabled: false, browserConnectionEnabled: false, browserName: chrome, chrome: {chromedriverVersion: 2.46.628402 (536cd7adbad73a..., userDataDir: C:\Users\Gigi\AppData\Local...}, cssSelectorsEnabled: true, databaseEnabled: false, goog:chromeOptions: {debuggerAddress: localhost:51828}, handlesAlerts: true, hasTouchScreen: false, javascriptEnabled: true, locationContextEnabled: true, mobileEmulationEnabled: false, nativeEvents: true, networkConnectionEnabled: false, pageLoadStrategy: normal, platform: XP, platformName: XP, proxy: Proxy(), rotatable: false, setWindowRect: true, strictFileInteractability: false, takesHeapSnapshot: true, takesScreenshot: true, timeouts: {implicit: 0, pageLoad: 300000, script: 30000}, unexpectedAlertBehaviour: ignore, unhandledPromptBehavior: ignore, version: 75.0.3770.100, webStorageEnabled: true}
Session ID: e8929aed3ca4970147099f75a7bedf03
*** Element info: {Using=xpath, value=//*[@id='shop']/div[2]/div[2]/div[5]/div/div/div[2]/div/div/a[2]}
	at org.openqa.selenium.remote.ErrorHandler.createThrowable(ErrorHandler.java:214)
	at org.openqa.selenium.remote.ErrorHandler.throwIfResponseFailed(ErrorHandler.java:166)
	at org.openqa.selenium.remote.http.JsonHttpResponseCodec.reconstructValue(JsonHttpResponseCodec.java:40)
	at org.openqa.selenium.remote.http.AbstractHttpResponseCodec.decode(AbstractHttpResponseCodec.java:80)
	at org.openqa.selenium.remote.http.AbstractHttpResponseCodec.decode(AbstractHttpResponseCodec.java:44)
	at org.openqa.selenium.remote.HttpCommandExecutor.execute(HttpCommandExecutor.java:158)
	at org.openqa.selenium.remote.service.DriverCommandExecutor.execute(DriverCommandExecutor.java:83)
	at org.openqa.selenium.remote.RemoteWebDriver.execute(RemoteWebDriver.java:552)
	at org.openqa.selenium.remote.RemoteWebDriver.findElement(RemoteWebDriver.java:323)
	at org.openqa.selenium.remote.RemoteWebDriver.findElementByXPath(RemoteWebDriver.java:428)
	at org.openqa.selenium.By$ByXPath.findElement(By.java:353)
	at org.openqa.selenium.remote.RemoteWebDriver.findElement(RemoteWebDriver.java:315)
	at com.unicef.base.BasePageObject.click(BasePageObject.java:52)
	at com.unicef.pages.PersonalWishlist.viewItemWishlist(PersonalWishlist.java:183)
	at testcase.Wishlist.viewProductWishlist(Wishlist.java:283)
... Removed 28 stack frames]]>
    </failure>
  </testcase> <!-- viewProductWishlist -->
  <testcase name="shareWishlist" time="31.293" classname="testcase.Wishlist"/>
  <testcase name="fbShareWishlist" time="32.49" classname="testcase.Wishlist"/>
  <testcase name="twitterShareWishlist" time="32.992" classname="testcase.Wishlist"/>
  <testcase name="createWishlist" time="61.952" classname="testcase.Wishlist"/>
  <testcase name="removeAddressFromAddressBook" time="53.704" classname="testcase.Wishlist"/>
  <testcase name="IGcreateCardPrintedCard" time="58.655" classname="testcase.InspiredGifts"/>
  <testcase name="IGcreateCardPrintAtHomeCard" time="88.8" classname="testcase.InspiredGifts"/>
  <testcase name="IGcreateCardEGreeting" time="78.566" classname="testcase.InspiredGifts"/>
  <testcase name="IGcreateCardNoCard" time="90.845" classname="testcase.InspiredGifts"/>
  <testcase name="guestCheckOutIGgift" time="99.989" classname="testcase.InspiredGifts"/>
  <testcase name="expressCheckOutIGgift" time="97.375" classname="testcase.InspiredGifts"/>
</testsuite> <!-- Cart-CH -->
